<?xml version="1.0" encoding="UTF-8"?>
<!-- Generated by org.testng.reporters.JUnitXMLReporter -->
<testsuite ignored="0" hostname="LTIN165463" failures="0" tests="7" name="Test2" time="61.265" errors="0" timestamp="2024-02-27T17:02:14 IST">
  <testcase classname="testCase.TestCase" name="search_functionality" time="10.409"/>
  <testcase classname="testCase.TestCase" name="filter_functionality" time="5.682"/>
  <testcase classname="testCase.TestCase" name="check_sortfuction" time="2.01"/>
  <testcase classname="testCase.TestCase" name="check_and_print" time="1.178"/>
  <testcase classname="testCase.TestCase" name="submenu_printcheck" time="8.319"/>
  <testcase classname="testCase.TestCase" name="choose_giftcard_validate" time="18.559"/>
  <testcase classname="testCase.TestCase" name="checkout_validation" time="1.159"/>
</testsuite> <!-- Test2 -->
