<?xml version="1.0" encoding="UTF-8"?>
<!-- Generated by org.testng.reporters.JUnitXMLReporter -->
<testsuite ignored="0" hostname="LTIN165463" failures="0" tests="8" name="Test" time="87.018" errors="0" timestamp="2024-02-28T15:23:00 IST">
  <testcase classname="testCase.TestCase" name="search_functionality" time="9.283"/>
  <testcase classname="testCase.TestCase" name="filter_functionality" time="5.006"/>
  <testcase classname="testCase.TestCase" name="check_sortfuction" time="1.532"/>
  <testcase classname="testCase.TestCase" name="check_and_print" time="1.252"/>
  <testcase classname="testCase.TestCase" name="submenu_printcheck" time="8.403"/>
  <testcase classname="testCase.TestCase2" name="submenu_printcheck" time="8.342"/>
  <testcase classname="testCase.TestCase3" name="choose_giftcard_validate" time="18.296"/>
  <testcase classname="testCase.TestCase3" name="checkout_validation" time="1.468"/>
</testsuite> <!-- Test -->
