<?xml version="1.0" encoding="UTF-8"?>
<testng-results ignored="0" total="8" passed="8" failed="0" skipped="0">
  <reporter-output>
  </reporter-output>
  <suite started-at="2024-02-28T15:21:32 IST" name="Suite" finished-at="2024-02-28T15:22:59 IST" duration-ms="87018">
    <groups>
    </groups>
    <test started-at="2024-02-28T15:21:32 IST" name="Test" finished-at="2024-02-28T15:22:59 IST" duration-ms="87018">
      <class name="testCase.TestCase3">
        <test-method is-config="true" signature="driverSetup(java.lang.String,java.lang.String)[pri:0, instance:testCase.TestCase3@7770f470]" started-at="2024-02-28T15:22:31 IST" name="driverSetup" finished-at="2024-02-28T15:22:38 IST" duration-ms="7153" status="PASS">
          <params>
            <param index="0">
              <value>
                <![CDATA[windows]]>
              </value>
            </param>
            <param index="1">
              <value>
                <![CDATA[chrome]]>
              </value>
            </param>
          </params>
          <reporter-output>
          </reporter-output>
        </test-method> <!-- driverSetup -->
        <test-method signature="choose_giftcard_validate()[pri:0, instance:testCase.TestCase3@7770f470]" started-at="2024-02-28T15:22:38 IST" name="choose_giftcard_validate" finished-at="2024-02-28T15:22:56 IST" duration-ms="18296" status="PASS">
          <reporter-output>
          </reporter-output>
        </test-method> <!-- choose_giftcard_validate -->
        <test-method signature="checkout_validation()[pri:1, instance:testCase.TestCase3@7770f470]" started-at="2024-02-28T15:22:56 IST" name="checkout_validation" finished-at="2024-02-28T15:22:58 IST" duration-ms="1468" status="PASS">
          <reporter-output>
          </reporter-output>
        </test-method> <!-- checkout_validation -->
        <test-method is-config="true" signature="closeBrowser()[pri:0, instance:testCase.TestCase3@7770f470]" started-at="2024-02-28T15:22:58 IST" name="closeBrowser" finished-at="2024-02-28T15:22:59 IST" duration-ms="1264" status="PASS">
          <reporter-output>
          </reporter-output>
        </test-method> <!-- closeBrowser -->
      </class> <!-- testCase.TestCase3 -->
      <class name="testCase.TestCase2">
        <test-method is-config="true" signature="driverSetup(java.lang.String,java.lang.String)[pri:0, instance:testCase.TestCase2@d35dea7]" started-at="2024-02-28T15:22:13 IST" name="driverSetup" finished-at="2024-02-28T15:22:21 IST" duration-ms="7599" status="PASS">
          <params>
            <param index="0">
              <value>
                <![CDATA[windows]]>
              </value>
            </param>
            <param index="1">
              <value>
                <![CDATA[chrome]]>
              </value>
            </param>
          </params>
          <reporter-output>
          </reporter-output>
        </test-method> <!-- driverSetup -->
        <test-method signature="submenu_printcheck()[pri:0, instance:testCase.TestCase2@d35dea7]" started-at="2024-02-28T15:22:21 IST" name="submenu_printcheck" finished-at="2024-02-28T15:22:29 IST" duration-ms="8342" status="PASS">
          <reporter-output>
          </reporter-output>
        </test-method> <!-- submenu_printcheck -->
        <test-method is-config="true" signature="closeBrowser()[pri:0, instance:testCase.TestCase2@d35dea7]" started-at="2024-02-28T15:22:29 IST" name="closeBrowser" finished-at="2024-02-28T15:22:31 IST" duration-ms="1300" status="PASS">
          <reporter-output>
          </reporter-output>
        </test-method> <!-- closeBrowser -->
      </class> <!-- testCase.TestCase2 -->
      <class name="testCase.TestCase">
        <test-method is-config="true" signature="driverSetup(java.lang.String,java.lang.String)[pri:0, instance:testCase.TestCase@7817fd62]" started-at="2024-02-28T15:21:34 IST" name="driverSetup" finished-at="2024-02-28T15:21:45 IST" duration-ms="11295" status="PASS">
          <params>
            <param index="0">
              <value>
                <![CDATA[windows]]>
              </value>
            </param>
            <param index="1">
              <value>
                <![CDATA[chrome]]>
              </value>
            </param>
          </params>
          <reporter-output>
          </reporter-output>
        </test-method> <!-- driverSetup -->
        <test-method signature="search_functionality()[pri:0, instance:testCase.TestCase@7817fd62]" started-at="2024-02-28T15:21:45 IST" name="search_functionality" finished-at="2024-02-28T15:21:54 IST" duration-ms="9283" status="PASS">
          <reporter-output>
          </reporter-output>
        </test-method> <!-- search_functionality -->
        <test-method signature="filter_functionality()[pri:1, instance:testCase.TestCase@7817fd62]" started-at="2024-02-28T15:21:55 IST" name="filter_functionality" finished-at="2024-02-28T15:22:00 IST" duration-ms="5006" status="PASS">
          <reporter-output>
          </reporter-output>
        </test-method> <!-- filter_functionality -->
        <test-method signature="check_sortfuction()[pri:2, instance:testCase.TestCase@7817fd62]" started-at="2024-02-28T15:22:00 IST" name="check_sortfuction" finished-at="2024-02-28T15:22:01 IST" duration-ms="1532" status="PASS">
          <reporter-output>
          </reporter-output>
        </test-method> <!-- check_sortfuction -->
        <test-method signature="check_and_print()[pri:3, instance:testCase.TestCase@7817fd62]" started-at="2024-02-28T15:22:02 IST" name="check_and_print" finished-at="2024-02-28T15:22:03 IST" duration-ms="1252" status="PASS">
          <reporter-output>
          </reporter-output>
        </test-method> <!-- check_and_print -->
        <test-method signature="submenu_printcheck()[pri:4, instance:testCase.TestCase@7817fd62]" started-at="2024-02-28T15:22:03 IST" name="submenu_printcheck" finished-at="2024-02-28T15:22:12 IST" duration-ms="8403" status="PASS">
          <reporter-output>
          </reporter-output>
        </test-method> <!-- submenu_printcheck -->
        <test-method is-config="true" signature="closeBrowser()[pri:0, instance:testCase.TestCase@7817fd62]" started-at="2024-02-28T15:22:12 IST" name="closeBrowser" finished-at="2024-02-28T15:22:13 IST" duration-ms="1499" status="PASS">
          <reporter-output>
          </reporter-output>
        </test-method> <!-- closeBrowser -->
      </class> <!-- testCase.TestCase -->
    </test> <!-- Test -->
  </suite> <!-- Suite -->
</testng-results>
